<?xml version="1.0" encoding="utf-8"?><testsuites name="pytest tests"><testsuite name="pytest" errors="0" failures="0" skipped="0" tests="15" time="8.533" timestamp="2026-03-31T03:42:21.719953+00:00" hostname="agent-env-aba729f0-d5de-4234-91ab-ff0a5edb5e00"><testcase classname="backend.tests.test_invite_flow_iteration13.TestAuthFlow" name="test_admin_login_success" time="0.384" /><testcase classname="backend.tests.test_invite_flow_iteration13.TestAuthFlow" name="test_login_wrong_password" time="0.345" /><testcase classname="backend.tests.test_invite_flow_iteration13.TestAuthFlow" name="test_login_nonexistent_user" time="0.120" /><testcase classname="backend.tests.test_invite_flow_iteration13.TestInviteFlow" name="test_create_invited_worker" time="0.671" /><testcase classname="backend.tests.test_invite_flow_iteration13.TestInviteFlow" name="test_invited_worker_cannot_login" time="1.008" /><testcase classname="backend.tests.test_invite_flow_iteration13.TestInviteFlow" name="test_verify_invite_token" time="0.778" /><testcase classname="backend.tests.test_invite_flow_iteration13.TestInviteFlow" name="test_accept_invite_and_login" time="1.339" /><testcase classname="backend.tests.test_invite_flow_iteration13.TestInviteFlow" name="test_resend_invite" time="0.795" /><testcase classname="backend.tests.test_invite_flow_iteration13.TestInviteFlow" name="test_invalid_invite_token" time="0.120" /><testcase classname="backend.tests.test_invite_flow_iteration13.TestInviteFlow" name="test_accept_invalid_token" time="0.124" /><testcase classname="backend.tests.test_invite_flow_iteration13.TestCSVImport" name="test_csv_import_valid" time="0.886" /><testcase classname="backend.tests.test_invite_flow_iteration13.TestCSVImport" name="test_csv_import_with_invalid_rows" time="0.670" /><testcase classname="backend.tests.test_invite_flow_iteration13.TestCSVImport" name="test_csv_import_no_file" time="0.433" /><testcase classname="backend.tests.test_invite_flow_iteration13.TestTeamPage" name="test_get_workers_list" time="0.433" /><testcase classname="backend.tests.test_invite_flow_iteration13.TestSignupFlow" name="test_signup_creates_employer" time="0.334" /></testsuite></testsuites>