<?xml version="1.0" encoding="utf-8"?><testsuites name="pytest tests"><testsuite name="pytest" errors="0" failures="0" skipped="0" tests="15" time="5.080" timestamp="2026-04-15T18:47:43.731037+00:00" hostname="agent-env-093f874d-f466-498b-b4cd-fa3b0017f314"><testcase classname="backend.tests.test_forgot_password_invite.TestForgotPassword" name="test_forgot_password_valid_email" time="0.331" /><testcase classname="backend.tests.test_forgot_password_invite.TestForgotPassword" name="test_forgot_password_nonexistent_email" time="0.100" /><testcase classname="backend.tests.test_forgot_password_invite.TestForgotPassword" name="test_reset_password_valid_token" time="0.466" /><testcase classname="backend.tests.test_forgot_password_invite.TestForgotPassword" name="test_login_with_new_password" time="0.741" /><testcase classname="backend.tests.test_forgot_password_invite.TestForgotPassword" name="test_login_with_old_password_fails" time="0.809" /><testcase classname="backend.tests.test_forgot_password_invite.TestForgotPassword" name="test_reuse_token_fails" time="0.564" /><testcase classname="backend.tests.test_forgot_password_invite.TestForgotPassword" name="test_invalid_token_fails" time="0.117" /><testcase classname="backend.tests.test_forgot_password_invite.TestForgotPassword" name="test_restore_employer_password_after_forgot_tests" time="0.223" /><testcase classname="backend.tests.test_forgot_password_invite.TestWorkerInvite" name="test_create_worker_invite" time="0.464" /><testcase classname="backend.tests.test_forgot_password_invite.TestWorkerInvite" name="test_verify_invite" time="0.119" /><testcase classname="backend.tests.test_forgot_password_invite.TestWorkerInvite" name="test_accept_invite" time="0.343" /><testcase classname="backend.tests.test_forgot_password_invite.TestWorkerInvite" name="test_worker_can_login" time="0.386" /><testcase classname="backend.tests.test_forgot_password_invite.TestWorkerInvite" name="test_already_used_invite_error" time="0.101" /><testcase classname="backend.tests.test_forgot_password_invite.TestWorkerInvite" name="test_invalid_invite_token_404" time="0.129" /><testcase classname="backend.tests.test_forgot_password_invite.TestCleanup" name="test_cleanup_test_worker" time="0.002" /></testsuite></testsuites>