<?xml version="1.0" encoding="utf-8"?><testsuites name="pytest tests"><testsuite name="pytest" errors="0" failures="0" skipped="0" tests="9" time="2.249" timestamp="2026-03-31T02:36:38.245986+00:00" hostname="agent-env-26e37a33-ca22-4cc9-936e-b3b3a046a743"><testcase classname="backend.tests.test_iteration10.TestAuthEndpoints" name="test_admin_login_success" time="0.400" /><testcase classname="backend.tests.test_iteration10.TestAuthEndpoints" name="test_worker_login_success" time="0.343" /><testcase classname="backend.tests.test_iteration10.TestAuthEndpoints" name="test_login_wrong_password" time="0.339" /><testcase classname="backend.tests.test_iteration10.TestAuthEndpoints" name="test_login_nonexistent_user" time="0.140" /><testcase classname="backend.tests.test_iteration10.TestPublicLegalPages" name="test_privacy_page_accessible" time="0.107" /><testcase classname="backend.tests.test_iteration10.TestPublicLegalPages" name="test_terms_page_accessible" time="0.103" /><testcase classname="backend.tests.test_iteration10.TestPublicLegalPages" name="test_account_deletion_page_accessible" time="0.103" /><testcase classname="backend.tests.test_iteration10.TestAuthenticatedEndpoints" name="test_get_current_user" time="0.539" /><testcase classname="backend.tests.test_iteration10.TestAuthenticatedEndpoints" name="test_settings_requires_auth" time="0.101" /></testsuite></testsuites>