<?xml version="1.0" encoding="utf-8"?><testsuites name="pytest tests"><testsuite name="pytest" errors="0" failures="0" skipped="0" tests="12" time="6.439" timestamp="2026-04-16T02:30:10.851005+00:00" hostname="agent-env-093f874d-f466-498b-b4cd-fa3b0017f314"><testcase classname="backend.tests.test_admin_dashboard.TestPlatformOwnerLogin" name="test_owner_login_success" time="0.400" /><testcase classname="backend.tests.test_admin_dashboard.TestPlatformOwnerLogin" name="test_employer_login_regression" time="0.340" /><testcase classname="backend.tests.test_admin_dashboard.TestPlatformOwnerLogin" name="test_worker_login_regression" time="0.377" /><testcase classname="backend.tests.test_admin_dashboard.TestAdminPlatformStats" name="test_owner_can_access_platform_stats" time="0.473" /><testcase classname="backend.tests.test_admin_dashboard.TestAdminPlatformStats" name="test_employer_cannot_access_platform_stats" time="0.454" /><testcase classname="backend.tests.test_admin_dashboard.TestAdminPlatformStats" name="test_worker_cannot_access_platform_stats" time="0.451" /><testcase classname="backend.tests.test_admin_dashboard.TestAdminPlatformStats" name="test_unauthenticated_cannot_access_platform_stats" time="0.203" /><testcase classname="backend.tests.test_admin_dashboard.TestAdminUserDeletion" name="test_owner_cannot_delete_self" time="0.837" /><testcase classname="backend.tests.test_admin_dashboard.TestAdminUserDeletion" name="test_non_admin_cannot_delete_users" time="0.858" /><testcase classname="backend.tests.test_admin_dashboard.TestAdminUserDeletion" name="test_delete_invalid_user_id" time="0.450" /><testcase classname="backend.tests.test_admin_dashboard.TestAdminUserDeletion" name="test_delete_nonexistent_user" time="0.472" /><testcase classname="backend.tests.test_admin_dashboard.TestCreateAndDeleteUser" name="test_create_and_delete_test_user" time="0.898" /></testsuite></testsuites>