<?xml version="1.0" encoding="utf-8"?><testsuites name="pytest tests"><testsuite name="pytest" errors="0" failures="0" skipped="1" tests="21" time="13.318" timestamp="2026-03-31T04:21:52.143823+00:00" hostname="agent-env-aba729f0-d5de-4234-91ab-ff0a5edb5e00"><testcase classname="backend.tests.test_sms_clicksend.TestSMSClickSendIntegration" name="test_sms_test_endpoint_sends_via_clicksend" time="1.427" /><testcase classname="backend.tests.test_sms_clicksend.TestSMSClickSendIntegration" name="test_provider_balance_returns_clicksend_balance" time="0.946" /><testcase classname="backend.tests.test_sms_clicksend.TestSMSClickSendIntegration" name="test_sms_packs_returns_available_options" time="0.386" /><testcase classname="backend.tests.test_sms_clicksend.TestSMSClickSendIntegration" name="test_buy_credits_adds_100_credits" time="0.487" /><testcase classname="backend.tests.test_sms_clicksend.TestSMSClickSendIntegration" name="test_buy_credits_invalid_pack_returns_400" time="0.375" /><testcase classname="backend.tests.test_sms_clicksend.TestSMSClickSendIntegration" name="test_send_sms_with_credits_deducts_and_returns_provider" time="1.336" /><testcase classname="backend.tests.test_sms_clicksend.TestSMSClickSendIntegration" name="test_send_sms_with_zero_credits_returns_400" time="0.402"><skipped type="pytest.skip" message="Admin has 198 credits - cannot test zero credit scenario without separate test user">/app/backend/tests/test_sms_clicksend.py:197: Admin has 198 credits - cannot test zero credit scenario without separate test user</skipped></testcase><testcase classname="backend.tests.test_sms_clicksend.TestSMSClickSendIntegration" name="test_sms_history_returns_logs_with_required_fields" time="0.396" /><testcase classname="backend.tests.test_sms_clicksend.TestSMSClickSendIntegration" name="test_sms_template_customer_reminder" time="1.323" /><testcase classname="backend.tests.test_sms_clicksend.TestSMSClickSendIntegration" name="test_sms_template_on_the_way" time="1.179" /><testcase classname="backend.tests.test_sms_clicksend.TestSMSClickSendIntegration" name="test_sms_template_invoice_reminder" time="1.051" /><testcase classname="backend.tests.test_sms_clicksend.TestSMSClickSendIntegration" name="test_sms_template_custom" time="1.073" /><testcase classname="backend.tests.test_sms_clicksend.TestSMSClickSendIntegration" name="test_phone_number_formatting_au" time="1.661" /><testcase classname="backend.tests.test_sms_clicksend.TestSMSClickSendIntegration" name="test_sms_balance_returns_current_balance" time="0.381" /><testcase classname="backend.tests.test_sms_clicksend.TestSMSUnauthenticated" name="test_sms_test_requires_auth" time="0.135" /><testcase classname="backend.tests.test_sms_clicksend.TestSMSUnauthenticated" name="test_sms_send_requires_auth" time="0.094" /><testcase classname="backend.tests.test_sms_clicksend.TestSMSUnauthenticated" name="test_sms_balance_requires_auth" time="0.109" /><testcase classname="backend.tests.test_sms_clicksend.TestSMSUnauthenticated" name="test_sms_provider_balance_requires_auth" time="0.121" /><testcase classname="backend.tests.test_sms_clicksend.TestSMSUnauthenticated" name="test_sms_history_requires_auth" time="0.138" /><testcase classname="backend.tests.test_sms_clicksend.TestSMSUnauthenticated" name="test_sms_buy_credits_requires_auth" time="0.094" /><testcase classname="backend.tests.test_sms_clicksend.TestSMSUnauthenticated" name="test_sms_packs_is_public" time="0.101" /></testsuite></testsuites>