<?xml version="1.0" encoding="utf-8"?><testsuites name="pytest tests"><testsuite name="pytest" errors="0" failures="0" skipped="0" tests="12" time="6.129" timestamp="2026-04-19T08:19:05.261243+00:00" hostname="agent-env-093f874d-f466-498b-b4cd-fa3b0017f314"><testcase classname="tests.test_signup_plan_flow.TestSignupAndPlanFlow" name="test_01_new_user_registration_returns_null_plan" time="0.702" /><testcase classname="tests.test_signup_plan_flow.TestSignupAndPlanFlow" name="test_02_employer_login_returns_valid_plan" time="0.640" /><testcase classname="tests.test_signup_plan_flow.TestSignupAndPlanFlow" name="test_03_worker_login_works" time="0.597" /><testcase classname="tests.test_signup_plan_flow.TestSignupAndPlanFlow" name="test_04_admin_login_works" time="0.643" /><testcase classname="tests.test_signup_plan_flow.TestSignupAndPlanFlow" name="test_05_billing_status_for_new_user" time="0.649" /><testcase classname="tests.test_signup_plan_flow.TestSignupAndPlanFlow" name="test_06_billing_status_for_existing_employer" time="0.638" /><testcase classname="tests.test_signup_plan_flow.TestPlanEndpoints" name="test_01_plan_all_endpoint" time="0.103" /><testcase classname="tests.test_signup_plan_flow.TestRegressionEndpoints" name="test_01_clients_endpoint" time="0.421" /><testcase classname="tests.test_signup_plan_flow.TestRegressionEndpoints" name="test_02_jobs_endpoint" time="0.370" /><testcase classname="tests.test_signup_plan_flow.TestRegressionEndpoints" name="test_03_dashboard_stats_endpoint" time="0.390" /><testcase classname="tests.test_signup_plan_flow.TestRegressionEndpoints" name="test_04_invoices_endpoint" time="0.396" /><testcase classname="tests.test_signup_plan_flow.TestRegressionEndpoints" name="test_05_quotes_endpoint" time="0.384" /></testsuite></testsuites>