<?xml version="1.0" encoding="utf-8"?><testsuites name="pytest tests"><testsuite name="pytest" errors="0" failures="0" skipped="0" tests="18" time="14.515" timestamp="2026-03-31T06:16:35.185618+00:00" hostname="agent-env-aba729f0-d5de-4234-91ab-ff0a5edb5e00"><testcase classname="tests.test_resend_email_iteration15.TestResendEmailIntegration" name="test_email_test_endpoint_sends_real_email" time="0.969" /><testcase classname="tests.test_resend_email_iteration15.TestResendEmailIntegration" name="test_email_test_requires_auth" time="0.454" /><testcase classname="tests.test_resend_email_iteration15.TestResendEmailIntegration" name="test_create_worker_sends_real_invite_email" time="1.041" /><testcase classname="tests.test_resend_email_iteration15.TestResendEmailIntegration" name="test_resend_invite_sends_real_reminder_email" time="1.421" /><testcase classname="tests.test_resend_email_iteration15.TestResendEmailIntegration" name="test_resend_invite_fails_for_active_worker" time="1.332" /><testcase classname="tests.test_resend_email_iteration15.TestResendEmailIntegration" name="test_invite_verify_token_works" time="1.137" /><testcase classname="tests.test_resend_email_iteration15.TestResendEmailIntegration" name="test_invite_verify_invalid_token_fails" time="0.468" /><testcase classname="tests.test_resend_email_iteration15.TestResendEmailIntegration" name="test_invite_accept_sets_password_and_activates" time="1.344" /><testcase classname="tests.test_resend_email_iteration15.TestResendEmailIntegration" name="test_worker_can_login_after_accepting_invite" time="1.683" /><testcase classname="tests.test_resend_email_iteration15.TestResendEmailIntegration" name="test_invited_worker_cannot_login_before_accepting" time="1.368" /><testcase classname="tests.test_resend_email_iteration15.TestEmailProviderAbstraction" name="test_email_provider_file_exists" time="0.062" /><testcase classname="tests.test_resend_email_iteration15.TestEmailProviderAbstraction" name="test_email_templates_generate_html" time="0.000" /><testcase classname="tests.test_resend_email_iteration15.TestInviteEmailsCollection" name="test_invite_email_stored_in_collection" time="1.088" /><testcase classname="tests.test_resend_email_iteration15.TestBackendStartsWithResend" name="test_backend_health_check" time="0.103" /><testcase classname="tests.test_resend_email_iteration15.TestBackendStartsWithResend" name="test_email_provider_initialized" time="0.734" /><testcase classname="tests.test_resend_email_iteration15.TestSMSEndpointsNoRegression" name="test_sms_balance_endpoint_works" time="0.379" /><testcase classname="tests.test_resend_email_iteration15.TestSMSEndpointsNoRegression" name="test_sms_packs_endpoint_works" time="0.439" /><testcase classname="tests.test_resend_email_iteration15.TestSMSEndpointsNoRegression" name="test_sms_history_endpoint_works" time="0.392" /></testsuite></testsuites>