<?xml version="1.0" encoding="utf-8"?><testsuites name="pytest tests"><testsuite name="pytest" errors="0" failures="0" skipped="0" tests="14" time="6.380" timestamp="2026-03-31T01:14:15.240129+00:00" hostname="agent-env-26e37a33-ca22-4cc9-936e-b3b3a046a743"><testcase classname="backend.tests.test_batch4_sms_calendar.TestSMSEndpoints" name="test_get_sms_balance" time="0.458" /><testcase classname="backend.tests.test_batch4_sms_calendar.TestSMSEndpoints" name="test_get_sms_packs" time="0.386" /><testcase classname="backend.tests.test_batch4_sms_calendar.TestSMSEndpoints" name="test_buy_credits_100_pack" time="0.464" /><testcase classname="backend.tests.test_batch4_sms_calendar.TestSMSEndpoints" name="test_buy_credits_invalid_pack" time="0.428" /><testcase classname="backend.tests.test_batch4_sms_calendar.TestSMSEndpoints" name="test_send_sms_mock" time="0.482" /><testcase classname="backend.tests.test_batch4_sms_calendar.TestSMSEndpoints" name="test_send_sms_insufficient_credits" time="0.358" /><testcase classname="backend.tests.test_batch4_sms_calendar.TestSMSEndpoints" name="test_get_sms_history" time="0.405" /><testcase classname="backend.tests.test_batch4_sms_calendar.TestSMSEndpoints" name="test_send_sms_on_the_way_type" time="0.394" /><testcase classname="backend.tests.test_batch4_sms_calendar.TestSMSEndpoints" name="test_send_sms_invoice_reminder_type" time="0.392" /><testcase classname="backend.tests.test_batch4_sms_calendar.TestCalendarJobsIntegration" name="test_create_job_with_scheduled_date" time="0.458" /><testcase classname="backend.tests.test_batch4_sms_calendar.TestCalendarJobsIntegration" name="test_get_jobs_returns_scheduled_dates" time="0.402" /><testcase classname="backend.tests.test_batch4_sms_calendar.TestCalendarJobsIntegration" name="test_job_detail_has_client_id_for_sms" time="0.384" /><testcase classname="backend.tests.test_batch4_sms_calendar.TestSMSFromJobContext" name="test_send_sms_with_job_id" time="0.577" /><testcase classname="backend.tests.test_batch4_sms_calendar.TestSMSFromInvoiceContext" name="test_send_sms_with_invoice_id" time="0.701" /></testsuite></testsuites>