<?xml version="1.0" encoding="utf-8"?><testsuites name="pytest tests"><testsuite name="pytest" errors="0" failures="0" skipped="0" tests="19" time="10.956" timestamp="2026-03-30T23:37:55.893020+00:00" hostname="agent-env-ac608f77-0b00-4fca-bf7f-21e715661714"><testcase classname="backend.tests.test_churvox_api.TestHealthAndRoot" name="test_api_root" time="0.278" /><testcase classname="backend.tests.test_churvox_api.TestAuthentication" name="test_login_success_admin" time="0.345" /><testcase classname="backend.tests.test_churvox_api.TestAuthentication" name="test_login_invalid_credentials" time="0.338" /><testcase classname="backend.tests.test_churvox_api.TestAuthentication" name="test_get_current_user" time="0.488" /><testcase classname="backend.tests.test_churvox_api.TestAuthentication" name="test_logout" time="0.124" /><testcase classname="backend.tests.test_churvox_api.TestDashboard" name="test_dashboard_stats" time="0.460" /><testcase classname="backend.tests.test_churvox_api.TestClients" name="test_create_and_get_client" time="0.766" /><testcase classname="backend.tests.test_churvox_api.TestClients" name="test_list_clients" time="0.493" /><testcase classname="backend.tests.test_churvox_api.TestJobs" name="test_create_job_multi_trade_types" time="1.532" /><testcase classname="backend.tests.test_churvox_api.TestJobs" name="test_job_workflow_start_complete" time="0.863" /><testcase classname="backend.tests.test_churvox_api.TestJobs" name="test_jobs_today_and_week" time="0.592" /><testcase classname="backend.tests.test_churvox_api.TestQuotes" name="test_create_and_send_quote" time="0.689" /><testcase classname="backend.tests.test_churvox_api.TestInvoices" name="test_create_invoice_with_gst" time="0.585" /><testcase classname="backend.tests.test_churvox_api.TestInvoices" name="test_invoice_workflow" time="0.787" /><testcase classname="backend.tests.test_churvox_api.TestUserSettings" name="test_update_gst_rate" time="0.543" /><testcase classname="backend.tests.test_churvox_api.TestUserSettings" name="test_update_trade_type" time="0.432" /><testcase classname="backend.tests.test_churvox_api.TestPlans" name="test_update_plan_solo" time="0.449" /><testcase classname="backend.tests.test_churvox_api.TestPlans" name="test_update_plan_solo_plus" time="0.597" /><testcase classname="backend.tests.test_churvox_api.TestPlans" name="test_team_plan_coming_soon" time="0.461" /></testsuite></testsuites>