<?xml version="1.0" encoding="utf-8"?><testsuites name="pytest tests"><testsuite name="pytest" errors="0" failures="0" skipped="0" tests="13" time="7.122" timestamp="2026-04-15T19:45:00.088923+00:00" hostname="agent-env-093f874d-f466-498b-b4cd-fa3b0017f314"><testcase classname="backend.tests.test_worker_owner_flow.TestAuth" name="test_employer_login" time="0.453" /><testcase classname="backend.tests.test_worker_owner_flow.TestAuth" name="test_worker_login" time="0.350" /><testcase classname="backend.tests.test_worker_owner_flow.TestJobsEndpoint" name="test_employer_sees_all_business_jobs" time="0.559" /><testcase classname="backend.tests.test_worker_owner_flow.TestJobsEndpoint" name="test_worker_sees_only_assigned_jobs" time="0.546" /><testcase classname="backend.tests.test_worker_owner_flow.TestJobDetail" name="test_employer_sees_job_with_timestamps" time="0.520" /><testcase classname="backend.tests.test_worker_owner_flow.TestJobDetail" name="test_worker_sees_job_details" time="0.573" /><testcase classname="backend.tests.test_worker_owner_flow.TestWorkerStatusUpdates" name="test_worker_can_update_status" time="0.562" /><testcase classname="backend.tests.test_worker_owner_flow.TestWorkerStatusUpdates" name="test_worker_can_update_notes" time="0.521" /><testcase classname="backend.tests.test_worker_owner_flow.TestWorkerRestrictions" name="test_worker_cannot_create_job" time="0.718" /><testcase classname="backend.tests.test_worker_owner_flow.TestWorkerRestrictions" name="test_worker_cannot_create_client" time="0.546" /><testcase classname="backend.tests.test_worker_owner_flow.TestWorkerRestrictions" name="test_worker_cannot_create_quote" time="0.560" /><testcase classname="backend.tests.test_worker_owner_flow.TestWorkerRestrictions" name="test_worker_cannot_create_invoice" time="0.587" /><testcase classname="backend.tests.test_worker_owner_flow.TestTeamEndpoint" name="test_employer_can_list_workers" time="0.540" /></testsuite></testsuites>