<?xml version="1.0" encoding="utf-8"?><testsuites name="pytest tests"><testsuite name="pytest" errors="0" failures="0" skipped="0" tests="24" time="10.154" timestamp="2026-03-31T01:51:36.117405+00:00" hostname="agent-env-26e37a33-ca22-4cc9-936e-b3b3a046a743"><testcase classname="backend.tests.test_batch6_plans_billing.TestPlanEndpoints" name="test_get_all_plans_returns_4_plans" time="0.123" /><testcase classname="backend.tests.test_batch6_plans_billing.TestPlanEndpoints" name="test_get_plan_limits_returns_usage" time="0.388" /><testcase classname="backend.tests.test_batch6_plans_billing.TestPlanEndpoints" name="test_plan_change_employer_only" time="0.389" /><testcase classname="backend.tests.test_batch6_plans_billing.TestPlanEndpoints" name="test_plan_change_to_solo" time="0.381" /><testcase classname="backend.tests.test_batch6_plans_billing.TestPlanEndpoints" name="test_plan_change_to_team" time="0.388" /><testcase classname="backend.tests.test_batch6_plans_billing.TestPlanEndpoints" name="test_plan_change_to_pro" time="0.392" /><testcase classname="backend.tests.test_batch6_plans_billing.TestPlanEndpoints" name="test_plan_change_to_enterprise" time="0.383" /><testcase classname="backend.tests.test_batch6_plans_billing.TestFeatureGating" name="test_solo_plan_team_feature_disabled" time="0.440" /><testcase classname="backend.tests.test_batch6_plans_billing.TestFeatureGating" name="test_team_plan_team_feature_enabled" time="0.430" /><testcase classname="backend.tests.test_batch6_plans_billing.TestFeatureGating" name="test_team_plan_myob_disabled" time="0.434" /><testcase classname="backend.tests.test_batch6_plans_billing.TestFeatureGating" name="test_pro_plan_myob_enabled" time="0.608" /><testcase classname="backend.tests.test_batch6_plans_billing.TestFeatureGating" name="test_solo_plan_client_limit" time="0.445" /><testcase classname="backend.tests.test_batch6_plans_billing.TestFeatureGating" name="test_team_plan_unlimited_clients" time="0.464" /><testcase classname="backend.tests.test_batch6_plans_billing.TestTeamLimitEnforcement" name="test_team_limit_check_on_team_plan" time="0.517" /><testcase classname="backend.tests.test_batch6_plans_billing.TestPlanPropagation" name="test_plan_propagates_to_workers" time="0.782" /><testcase classname="backend.tests.test_batch6_plans_billing.TestRegressionBatch1to5" name="test_auth_login_works" time="0.341" /><testcase classname="backend.tests.test_batch6_plans_billing.TestRegressionBatch1to5" name="test_jobs_list_works" time="0.400" /><testcase classname="backend.tests.test_batch6_plans_billing.TestRegressionBatch1to5" name="test_clients_list_works" time="0.381" /><testcase classname="backend.tests.test_batch6_plans_billing.TestRegressionBatch1to5" name="test_invoices_list_works" time="0.405" /><testcase classname="backend.tests.test_batch6_plans_billing.TestRegressionBatch1to5" name="test_quotes_list_works" time="0.365" /><testcase classname="backend.tests.test_batch6_plans_billing.TestRegressionBatch1to5" name="test_sms_balance_works" time="0.381" /><testcase classname="backend.tests.test_batch6_plans_billing.TestRegressionBatch1to5" name="test_myob_settings_works" time="0.373" /><testcase classname="backend.tests.test_batch6_plans_billing.TestRegressionBatch1to5" name="test_dashboard_stats_works" time="0.418" /><testcase classname="backend.tests.test_batch6_plans_billing.TestCleanup" name="test_reset_to_pro_plan" time="0.457" /></testsuite></testsuites>