<?xml version="1.0" encoding="utf-8"?><testsuites name="pytest tests"><testsuite name="pytest" errors="0" failures="0" skipped="0" tests="17" time="15.452" timestamp="2026-03-31T00:39:20.814717+00:00" hostname="agent-env-ac608f77-0b00-4fca-bf7f-21e715661714"><testcase classname="backend.tests.test_batch3_quotes_timer_invoice.TestBatch3QuotesTimerInvoice" name="test_create_quote_with_pricing_type_fixed" time="0.644" /><testcase classname="backend.tests.test_batch3_quotes_timer_invoice.TestBatch3QuotesTimerInvoice" name="test_create_quote_with_hourly_rate_and_extras" time="0.604" /><testcase classname="backend.tests.test_batch3_quotes_timer_invoice.TestBatch3QuotesTimerInvoice" name="test_send_quote_changes_status" time="0.645" /><testcase classname="backend.tests.test_batch3_quotes_timer_invoice.TestBatch3QuotesTimerInvoice" name="test_convert_quote_to_job" time="0.808" /><testcase classname="backend.tests.test_batch3_quotes_timer_invoice.TestBatch3QuotesTimerInvoice" name="test_create_job_with_hourly_pricing" time="0.574" /><testcase classname="backend.tests.test_batch3_quotes_timer_invoice.TestBatch3QuotesTimerInvoice" name="test_create_job_with_fixed_extras" time="0.631" /><testcase classname="backend.tests.test_batch3_quotes_timer_invoice.TestBatch3QuotesTimerInvoice" name="test_timer_start_changes_job_to_in_progress" time="0.639" /><testcase classname="backend.tests.test_batch3_quotes_timer_invoice.TestBatch3QuotesTimerInvoice" name="test_timer_pause_saves_elapsed_time" time="2.654" /><testcase classname="backend.tests.test_batch3_quotes_timer_invoice.TestBatch3QuotesTimerInvoice" name="test_timer_resume" time="1.753" /><testcase classname="backend.tests.test_batch3_quotes_timer_invoice.TestBatch3QuotesTimerInvoice" name="test_timer_adjust_employer_only" time="0.600" /><testcase classname="backend.tests.test_batch3_quotes_timer_invoice.TestBatch3QuotesTimerInvoice" name="test_get_timer_state" time="0.630" /><testcase classname="backend.tests.test_batch3_quotes_timer_invoice.TestBatch3QuotesTimerInvoice" name="test_complete_hourly_job_invoice_calculation" time="0.973" /><testcase classname="backend.tests.test_batch3_quotes_timer_invoice.TestBatch3QuotesTimerInvoice" name="test_complete_fixed_extras_job_invoice_calculation" time="0.818" /><testcase classname="backend.tests.test_batch3_quotes_timer_invoice.TestBatch3QuotesTimerInvoice" name="test_invoice_draft_send_mark_paid_flow" time="0.977" /><testcase classname="backend.tests.test_batch3_quotes_timer_invoice.TestBatch3QuotesTimerInvoice" name="test_invoice_has_job_link" time="0.907" /><testcase classname="backend.tests.test_batch3_quotes_timer_invoice.TestBatch3QuotesTimerInvoice" name="test_client_jobs_endpoint" time="0.590" /><testcase classname="backend.tests.test_batch3_quotes_timer_invoice.TestWorkerTimerRestrictions" name="test_worker_cannot_adjust_time" time="0.932" /></testsuite></testsuites>