<?xml version="1.0" encoding="utf-8"?><testsuites name="pytest tests"><testsuite name="pytest" errors="0" failures="0" skipped="0" tests="18" time="6.977" timestamp="2026-03-31T03:00:59.551906+00:00" hostname="agent-env-26e37a33-ca22-4cc9-936e-b3b3a046a743"><testcase classname="backend.tests.test_launch_readiness_iteration12.TestAuthNoBypass" name="test_admin_login_with_correct_credentials" time="0.504" /><testcase classname="backend.tests.test_launch_readiness_iteration12.TestAuthNoBypass" name="test_login_with_wrong_password_fails" time="0.338" /><testcase classname="backend.tests.test_launch_readiness_iteration12.TestAuthNoBypass" name="test_login_with_nonexistent_user_fails" time="0.116" /><testcase classname="backend.tests.test_launch_readiness_iteration12.TestAuthNoBypass" name="test_no_john_worker_exists" time="0.111" /><testcase classname="backend.tests.test_launch_readiness_iteration12.TestEmptyState" name="test_dashboard_shows_zeros" time="0.522" /><testcase classname="backend.tests.test_launch_readiness_iteration12.TestEmptyState" name="test_jobs_list_empty" time="0.465" /><testcase classname="backend.tests.test_launch_readiness_iteration12.TestEmptyState" name="test_clients_list_empty" time="0.461" /><testcase classname="backend.tests.test_launch_readiness_iteration12.TestEmptyState" name="test_quotes_list_empty" time="0.452" /><testcase classname="backend.tests.test_launch_readiness_iteration12.TestEmptyState" name="test_invoices_list_empty" time="0.475" /><testcase classname="backend.tests.test_launch_readiness_iteration12.TestEmptyState" name="test_team_workers_empty" time="0.521" /><testcase classname="backend.tests.test_launch_readiness_iteration12.TestEmptyState" name="test_sms_balance_zero" time="0.463" /><testcase classname="backend.tests.test_launch_readiness_iteration12.TestEmptyState" name="test_jobs_today_empty" time="0.444" /><testcase classname="backend.tests.test_launch_readiness_iteration12.TestEmptyState" name="test_jobs_week_empty" time="0.453" /><testcase classname="backend.tests.test_launch_readiness_iteration12.TestAuthFlow" name="test_protected_route_without_token_fails" time="0.123" /><testcase classname="backend.tests.test_launch_readiness_iteration12.TestAuthFlow" name="test_protected_route_with_invalid_token_fails" time="0.112" /><testcase classname="backend.tests.test_launch_readiness_iteration12.TestAuthFlow" name="test_logout_endpoint_exists" time="0.495" /><testcase classname="backend.tests.test_launch_readiness_iteration12.TestAuthFlow" name="test_me_endpoint_returns_user_info" time="0.467" /><testcase classname="backend.tests.test_launch_readiness_iteration12.TestSignupFlow" name="test_signup_endpoint_exists" time="0.363" /></testsuite></testsuites>