<?xml version="1.0" encoding="utf-8"?><testsuites name="pytest tests"><testsuite name="pytest" errors="0" failures="0" skipped="0" tests="17" time="15.597" timestamp="2026-03-31T00:09:29.145593+00:00" hostname="agent-env-ac608f77-0b00-4fca-bf7f-21e715661714"><testcase classname="backend.tests.test_batch2_roles_team.TestEmployerLogin" name="test_employer_login_returns_role" time="0.399" /><testcase classname="backend.tests.test_batch2_roles_team.TestEmployerLogin" name="test_dashboard_stats_includes_team_count" time="0.470" /><testcase classname="backend.tests.test_batch2_roles_team.TestTeamManagement" name="test_create_worker" time="1.173" /><testcase classname="backend.tests.test_batch2_roles_team.TestTeamManagement" name="test_list_workers" time="0.444" /><testcase classname="backend.tests.test_batch2_roles_team.TestTeamManagement" name="test_delete_worker" time="0.796" /><testcase classname="backend.tests.test_batch2_roles_team.TestTeamManagement" name="test_ensure_john_worker_exists" time="0.446" /><testcase classname="backend.tests.test_batch2_roles_team.TestWorkerLogin" name="test_worker_login" time="0.782" /><testcase classname="backend.tests.test_batch2_roles_team.TestWorkerLogin" name="test_worker_cannot_create_job" time="0.909" /><testcase classname="backend.tests.test_batch2_roles_team.TestWorkerLogin" name="test_worker_cannot_delete_job" time="1.512" /><testcase classname="backend.tests.test_batch2_roles_team.TestJobAssignmentWorkflow" name="test_job_created_with_assigned_status" time="0.663" /><testcase classname="backend.tests.test_batch2_roles_team.TestJobAssignmentWorkflow" name="test_worker_can_acknowledge_job" time="1.131" /><testcase classname="backend.tests.test_batch2_roles_team.TestJobAssignmentWorkflow" name="test_worker_can_start_job" time="1.120" /><testcase classname="backend.tests.test_batch2_roles_team.TestJobAssignmentWorkflow" name="test_worker_can_complete_job_creates_invoice" time="1.513" /><testcase classname="backend.tests.test_batch2_roles_team.TestJobStatuses" name="test_new_job_has_assigned_status" time="0.567" /><testcase classname="backend.tests.test_batch2_roles_team.TestBusinessIsolation" name="test_worker_can_see_business_clients" time="1.295" /><testcase classname="backend.tests.test_batch2_roles_team.TestClientJobHistory" name="test_get_client_jobs" time="0.923" /><testcase classname="backend.tests.test_batch2_roles_team.TestWorkerOnlySeesAssignedJobs" name="test_worker_jobs_filtered" time="1.384" /></testsuite></testsuites>