<?xml version="1.0" encoding="utf-8"?><testsuites name="pytest tests"><testsuite name="pytest" errors="0" failures="0" skipped="0" tests="18" time="10.225" timestamp="2026-03-31T01:33:02.400556+00:00" hostname="agent-env-26e37a33-ca22-4cc9-936e-b3b3a046a743"><testcase classname="backend.tests.test_batch5_myob_sms.TestMyobSettings" name="test_get_myob_settings_initial" time="0.463" /><testcase classname="backend.tests.test_batch5_myob_sms.TestMyobSettings" name="test_post_myob_settings_saves_api_key" time="0.450" /><testcase classname="backend.tests.test_batch5_myob_sms.TestMyobSettings" name="test_get_myob_settings_after_save_shows_connected" time="0.450" /><testcase classname="backend.tests.test_batch5_myob_sms.TestMyobSync" name="test_sync_invoice_to_myob_success" time="0.542" /><testcase classname="backend.tests.test_batch5_myob_sms.TestMyobSync" name="test_sync_fails_if_myob_not_connected" time="0.446" /><testcase classname="backend.tests.test_batch5_myob_sms.TestMyobStatus" name="test_get_myob_status" time="0.670" /><testcase classname="backend.tests.test_batch5_myob_sms.TestMyobWebhook" name="test_webhook_marks_invoice_paid" time="0.705" /><testcase classname="backend.tests.test_batch5_myob_sms.TestInvoiceMyobFields" name="test_invoice_creation_has_myob_sync_status_not_synced" time="0.509" /><testcase classname="backend.tests.test_batch5_myob_sms.TestSMSSentByName" name="test_sms_history_includes_sent_by_name" time="0.484" /><testcase classname="backend.tests.test_batch5_myob_sms.TestWorkerSMSPermissions" name="test_worker_can_send_sms" time="0.903" /><testcase classname="backend.tests.test_batch5_myob_sms.TestWorkerSMSPermissions" name="test_worker_cannot_buy_sms_credits" time="0.856" /><testcase classname="backend.tests.test_batch5_myob_sms.TestWorkerSMSPermissions" name="test_worker_cannot_access_myob_settings" time="0.889" /><testcase classname="backend.tests.test_batch5_myob_sms.TestBusinessIsolation" name="test_different_businesses_isolated" time="0.493" /><testcase classname="backend.tests.test_batch5_myob_sms.TestRegressionBatch1to4" name="test_auth_endpoints_work" time="0.449" /><testcase classname="backend.tests.test_batch5_myob_sms.TestRegressionBatch1to4" name="test_jobs_crud_works" time="0.539" /><testcase classname="backend.tests.test_batch5_myob_sms.TestRegressionBatch1to4" name="test_invoices_crud_works" time="0.505" /><testcase classname="backend.tests.test_batch5_myob_sms.TestRegressionBatch1to4" name="test_sms_balance_endpoint_works" time="0.378" /><testcase classname="backend.tests.test_batch5_myob_sms.TestRegressionBatch1to4" name="test_calendar_jobs_endpoint_works" time="0.397" /></testsuite></testsuites>