<?xml version="1.0" encoding="utf-8"?><testsuites name="pytest tests"><testsuite name="pytest" errors="0" failures="0" skipped="0" tests="14" time="3.193" timestamp="2026-03-31T02:47:53.612686+00:00" hostname="agent-env-26e37a33-ca22-4cc9-936e-b3b3a046a743"><testcase classname="backend.tests.test_pwa_iteration11.TestPWAAssets" name="test_manifest_json_accessible" time="0.132" /><testcase classname="backend.tests.test_pwa_iteration11.TestPWAAssets" name="test_manifest_json_valid_structure" time="0.099" /><testcase classname="backend.tests.test_pwa_iteration11.TestPWAAssets" name="test_manifest_icons_correct" time="0.108" /><testcase classname="backend.tests.test_pwa_iteration11.TestPWAAssets" name="test_service_worker_accessible" time="0.103" /><testcase classname="backend.tests.test_pwa_iteration11.TestPWAAssets" name="test_icon_192x192_accessible" time="0.105" /><testcase classname="backend.tests.test_pwa_iteration11.TestPWAAssets" name="test_icon_512x512_accessible" time="0.137" /><testcase classname="backend.tests.test_pwa_iteration11.TestPWAAssets" name="test_icon_192x192_maskable_accessible" time="0.101" /><testcase classname="backend.tests.test_pwa_iteration11.TestPWAAssets" name="test_icon_512x512_maskable_accessible" time="0.122" /><testcase classname="backend.tests.test_pwa_iteration11.TestAuthRegression" name="test_admin_login" time="0.338" /><testcase classname="backend.tests.test_pwa_iteration11.TestAuthRegression" name="test_worker_login" time="0.332" /><testcase classname="backend.tests.test_pwa_iteration11.TestAuthRegression" name="test_invalid_login_rejected" time="0.119" /><testcase classname="backend.tests.test_pwa_iteration11.TestDashboardRegression" name="test_dashboard_stats_accessible" time="0.453" /><testcase classname="backend.tests.test_pwa_iteration11.TestDashboardRegression" name="test_jobs_list_accessible" time="0.509" /><testcase classname="backend.tests.test_pwa_iteration11.TestDashboardRegression" name="test_settings_accessible" time="0.447" /></testsuite></testsuites>